[2025-06-13 11:15:00,648] 31 root - INFO -Initiating the data ingestion process
[2025-06-13 11:15:00,649] 32 root - INFO -Reading the data from the source
[2025-06-13 11:15:00,672] 35 root - INFO -Data read successfully!
[2025-06-13 11:15:00,672] 38 root - INFO -Making the directories
[2025-06-13 11:15:00,672] 40 root - INFO -Directories made successfully
[2025-06-13 11:15:00,673] 43 root - INFO -Applying the train test split
[2025-06-13 11:15:00,676] 45 root - INFO -Train test split applied successfully!
[2025-06-13 11:15:00,676] 47 root - INFO -Saving the train , test and raw data in respective files
[2025-06-13 11:15:00,747] 51 root - INFO -Data saved successfully in the respective files
[2025-06-13 11:15:00,765] 73 root - INFO -Read train and test data completed
[2025-06-13 11:15:00,766] 74 root - INFO -Train dataframe shape: (3472, 8)
[2025-06-13 11:15:00,766] 75 root - INFO -Test dataframe shape: (868, 8)
[2025-06-13 11:15:00,768] 84 root - INFO -Input features columns: ['name', 'year', 'km_driven', 'fuel', 'seller_type', 'transmission', 'owner']
[2025-06-13 11:15:00,768] 85 root - INFO -Target feature shape - Train: (3472,), Test: (868,)
[2025-06-13 11:15:00,769] 56 root - INFO -Numerical features: ['year', 'km_driven']
[2025-06-13 11:15:00,769] 57 root - INFO -Categorical features: ['name', 'fuel', 'seller_type', 'transmission', 'owner']
[2025-06-13 11:15:00,769] 90 root - INFO -Applying preprocessing object on training dataframe
[2025-06-13 11:15:00,871] 95 root - INFO -Applying preprocessing object on testing dataframe
[2025-06-13 11:15:01,012] 107 root - INFO -Train array shape: (3472, 1336)
[2025-06-13 11:15:01,012] 108 root - INFO -Test array shape: (868, 1336)
[2025-06-13 11:15:01,025] 116 root - INFO -Preprocessing object saved successfully
