[2025-06-14 10:29:19,825] 33 root - INFO -Initiating the data ingestion process
[2025-06-14 10:29:19,826] 34 root - INFO -Reading the data from the source
[2025-06-14 10:29:19,848] 37 root - INFO -Data read successfully!
[2025-06-14 10:29:19,848] 40 root - INFO -Making the directories
[2025-06-14 10:29:19,849] 42 root - INFO -Directories made successfully
[2025-06-14 10:29:19,849] 45 root - INFO -Applying the train test split
[2025-06-14 10:29:19,852] 47 root - INFO -Train test split applied successfully!
[2025-06-14 10:29:19,852] 49 root - INFO -Saving the train , test and raw data in respective files
[2025-06-14 10:29:19,923] 53 root - INFO -Data saved successfully in the respective files
[2025-06-14 10:29:19,940] 73 root - INFO -Read train and test data completed
[2025-06-14 10:29:19,941] 74 root - INFO -Train dataframe shape: (3472, 8)
[2025-06-14 10:29:19,941] 75 root - INFO -Test dataframe shape: (868, 8)
[2025-06-14 10:29:19,943] 84 root - INFO -Input features columns: ['name', 'year', 'km_driven', 'fuel', 'seller_type', 'transmission', 'owner']
[2025-06-14 10:29:19,943] 85 root - INFO -Target feature shape - Train: (3472,), Test: (868,)
[2025-06-14 10:29:19,944] 56 root - INFO -Numerical features: ['year', 'km_driven']
[2025-06-14 10:29:19,944] 57 root - INFO -Categorical features: ['name', 'fuel', 'seller_type', 'transmission', 'owner']
[2025-06-14 10:29:19,944] 90 root - INFO -Applying preprocessing object on training dataframe
[2025-06-14 10:29:20,049] 95 root - INFO -Applying preprocessing object on testing dataframe
[2025-06-14 10:29:20,186] 107 root - INFO -Train array shape: (3472, 1336)
[2025-06-14 10:29:20,186] 108 root - INFO -Test array shape: (868, 1336)
[2025-06-14 10:29:20,198] 116 root - INFO -Preprocessing object saved successfully
